Unity Editor version:    6000.0.61f1 (74a0adb02c31)
Branch:                  6000.0/staging
Build type:              Release
Batch mode:              YES
macOS version:           Version 15.6.1 (Build 24G90)
Darwin version:          24.6.0
Architecture:            arm64
Running under Rosetta:   NO
Available memory:        16384 MB
[Licensing::Module] Trying to connect to existing licensing client channel...
[Licensing::IpcConnector] Successfully connected to: "LicenseClient-kHwWD1jVfoM4FEJSt3McW" at "2025-11-20T20:55:25.041362Z"

COMMAND LINE ARGUMENTS:
/Applications/Unity/Hub/Editor/6000.0.61f1/Unity.app/Contents/MacOS/Unity
-adb2
-batchMode
-noUpm
-name
AssetImportWorker0
-projectPath
/Users/stefan/Downloads/Game
-logFile
Logs/AssetImportWorker0.log
-srvPort
57485
-licensingIpc
LicenseClient-kHwWD1jVfoM4FEJSt3McW
-job-worker-count
4
-background-job-worker-count
8
-gc-helper-count
1
-name AssetImport
Successfully changed project path to: /Users/stefan/Downloads/Game
/Users/stefan/Downloads/Game
[UnityMemory] Configuration Parameters - Can be set up in boot.config
    "memorysetup-bucket-allocator-granularity=16"
    "memorysetup-bucket-allocator-bucket-count=8"
    "memorysetup-bucket-allocator-block-size=33554432"
    "memorysetup-bucket-allocator-block-count=8"
    "memorysetup-main-allocator-block-size=16777216"
    "memorysetup-thread-allocator-block-size=16777216"
    "memorysetup-gfx-main-allocator-block-size=16777216"
    "memorysetup-gfx-thread-allocator-block-size=16777216"
    "memorysetup-cache-allocator-block-size=4194304"
    "memorysetup-typetree-allocator-block-size=2097152"
    "memorysetup-profiler-bucket-allocator-granularity=16"
    "memorysetup-profiler-bucket-allocator-bucket-count=8"
    "memorysetup-profiler-bucket-allocator-block-size=33554432"
    "memorysetup-profiler-bucket-allocator-block-count=8"
    "memorysetup-profiler-allocator-block-size=16777216"
    "memorysetup-profiler-editor-allocator-block-size=1048576"
    "memorysetup-temp-allocator-size-main=16777216"
    "memorysetup-job-temp-allocator-block-size=2097152"
    "memorysetup-job-temp-allocator-block-size-background=1048576"
    "memorysetup-job-temp-allocator-reduction-small-platforms=262144"
    "memorysetup-allocator-temp-initial-block-size-main=262144"
    "memorysetup-allocator-temp-initial-block-size-worker=262144"
    "memorysetup-temp-allocator-size-background-worker=32768"
    "memorysetup-temp-allocator-size-job-worker=262144"
    "memorysetup-temp-allocator-size-preload-manager=33554432"
    "memorysetup-temp-allocator-size-nav-mesh-worker=65536"
    "memorysetup-temp-allocator-size-audio-worker=65536"
    "memorysetup-temp-allocator-size-cloud-worker=32768"
    "memorysetup-temp-allocator-size-gi-baking-worker=262144"
    "memorysetup-temp-allocator-size-gi-baking-worker=262144"
    "memorysetup-temp-allocator-size-gi-baking-worker=262144"
    "memorysetup-temp-allocator-size-gi-baking-worker=262144"
    "memorysetup-temp-allocator-size-gi-baking-worker=262144"
    "memorysetup-temp-allocator-size-gfx=262144"
Player connection [8641618112]  Target information:

Player connection [8641618112]  * "[IP] 172.20.51.190 [Port] 0 [Flags] 2 [Guid] 1826521365 [EditorId] 1826521365 [Version] 1048832 [Id] OSXEditor(0,Stefans-MacBook-Air-138.local) [Debug] 1 [PackageName] OSXEditor [ProjectName] Editor" 

Player connection [8641618112] Host joined multi-casting on [225.0.0.222:54997]...
Player connection [8641618112] Host joined alternative multi-casting on [225.0.0.222:34997]...
JobSystem: Creating JobQueue using job-worker-count value 4
Input System module state changed to: Initialized.
[Physics::Module] Initialized fallback backend.
[Physics::Module] Id: 0xdecafbad
Library Redirect Path: Library/
[Physics::Module] Selected backend.
[Physics::Module] Name: PhysX
[Physics::Module] Id: 0xf2b8ea05
[Physics::Module] SDK Version: 4.1.2
[Physics::Module] Integration Version: 1.0.0
[Physics::Module] Threading Mode: Multi-Threaded
Refreshing native plugins compatible for Editor in 1.95 ms, found 1 plugins.
Preloading 0 native plugins for Editor in 0.00 ms.
Initialize engine version: 6000.0.61f1 (74a0adb02c31)
[Subsystems] Discovering subsystems at path /Applications/Unity/Hub/Editor/6000.0.61f1/Unity.app/Contents/Resources/UnitySubsystems
[Subsystems] Discovering subsystems at path /Users/stefan/Downloads/Game/Assets
GfxDevice: creating device client; kGfxThreadingModeNonThreaded
 preferred device: Apple M4 (high power)
Metal devices available: 1
0: Apple M4 (high power)
Using device Apple M4 (high power)
Initializing Metal device caps: Apple M4
Initialize mono
Mono path[0] = '/Applications/Unity/Hub/Editor/6000.0.61f1/Unity.app/Contents/Managed'
Mono path[1] = '/Applications/Unity/Hub/Editor/6000.0.61f1/Unity.app/Contents/MonoBleedingEdge/lib/mono/unityjit-macos'
Mono config path = '/Applications/Unity/Hub/Editor/6000.0.61f1/Unity.app/Contents/MonoBleedingEdge/etc'
Using monoOptions --debugger-agent=transport=dt_socket,embedding=1,server=y,suspend=n,address=127.0.0.1:56254
Begin MonoManager ReloadAssembly
Registering precompiled unity dll's ...
Register platform support module: /Applications/Unity/Hub/Editor/6000.0.61f1/Unity.app/Contents/PlaybackEngines/MacStandaloneSupport/UnityEditor.OSXStandalone.Extensions.dll
Registered in 0.000916 seconds.
[Licensing::Client] Code 10 while verifying Licensing Client signature (process Id: 1654, path: "/Applications/Unity Hub.app/Contents/Frameworks/UnityLicensingClient_V1.app/Contents/MacOS/Unity.Licensing.Client")
[Licensing::Module] LicensingClient has failed validation; ignoring
[Licensing::Client] Handshaking with LicensingClient:
  Version:                 1.17.3+a4e98f1
  Session Id:              6cfd478e430347a888a16d8644e97d5a
  Correlation Id:          2b59e38d4b22eb19aa068b24f729b698
  External correlation Id: 7589982050911967431
  Machine Id:              3353wrcSX8rvU1Ri1v9T2wYp7qg=
[Licensing::Module] Successfully connected to LicensingClient on channel: "LicenseClient-kHwWD1jVfoM4FEJSt3McW" (connect: 0.00s, validation: 0.00s, handshake: 0.98s)
[Licensing::IpcConnector] Successfully connected to: "LicenseClient-kHwWD1jVfoM4FEJSt3McW-notifications" at "2025-11-20T20:55:26.017927Z"
[Licensing::Module] Licensing Background thread has ended after 0.98s
- Loaded All Assemblies, in  0.412 seconds
Native extension for OSXStandalone target not found
Mono: successfully reloaded assembly
- Finished resetting the current domain, in  0.400 seconds
Domain Reload Profiling: 813ms
	BeginReloadAssembly (97ms)
		ExecutionOrderSort (0ms)
		DisableScriptedObjects (0ms)
		BackupInstance (0ms)
		ReleaseScriptingObjects (0ms)
		CreateAndSetChildDomain (1ms)
	RebuildCommonClasses (53ms)
	RebuildNativeTypeToScriptingClass (17ms)
	initialDomainReloadingComplete (59ms)
	LoadAllAssembliesAndSetupDomain (186ms)
		LoadAssemblies (96ms)
		RebuildTransferFunctionScriptingTraits (0ms)
		AnalyzeDomain (183ms)
			TypeCache.Refresh (182ms)
				TypeCache.ScanAssembly (168ms)
			BuildScriptInfoCaches (0ms)
			ResolveRequiredComponents (0ms)
	FinalizeReload (401ms)
		ReleaseScriptCaches (0ms)
		RebuildScriptCaches (0ms)
		SetupLoadedEditorAssemblies (355ms)
			LogAssemblyErrors (0ms)
			InitializePlatformSupportModulesInManaged (34ms)
			SetLoadedEditorAssemblies (5ms)
			BeforeProcessingInitializeOnLoad (68ms)
			ProcessInitializeOnLoadAttributes (167ms)
			ProcessInitializeOnLoadMethodAttributes (80ms)
			AfterProcessingInitializeOnLoad (0ms)
			EditorAssembliesLoaded (0ms)
		ExecutionOrderSort2 (0ms)
		AwakeInstancesAfterBackupRestoration (0ms)
Assembly reference Packages/com.unity.cinemachine/Editor/Samples/ExposeHDRPInternals/HDRP-Editor-ref.asmref has no target assembly definition
========================================================================
Worker process is ready to serve import requests
Import Worker Mode flag is 0x00
Assembly reference Packages/com.unity.cinemachine/Editor/Samples/ExposeHDRPInternals/HDRP-Editor-ref.asmref has no target assembly definition
Assembly reference Packages/com.unity.cinemachine/Editor/Samples/ExposeHDRPInternals/HDRP-Editor-ref.asmref has no target assembly definition
Begin MonoManager ReloadAssembly
[Licensing::Client] Successfully resolved entitlement details
[Licensing::Module] License group:
  Id: 1375872043684-UnityPersXXXX
  Product: Unity Personal
  Type: Assigned
  Expiration: Unlimited
- Loaded All Assemblies, in  0.682 seconds
Assembly reference Packages/com.unity.cinemachine/Editor/Samples/ExposeHDRPInternals/HDRP-Editor-ref.asmref has no target assembly definition
'Packages/com.unity.cinemachine/Editor/Obsolete/CinemachineVirtualCameraBaseEditor.cs' contains partial class of Unity.Object, exactly 1 of the partial classes needs to be in a file with the same filename. This is to know the one that can be referenced from ie. GameObjects
'Packages/com.unity.cinemachine/Editor/Editors/CinemachineVirtualCameraBaseEditor.cs' contains partial class of Unity.Object, exactly 1 of the partial classes needs to be in a file with the same filename. This is to know the one that can be referenced from ie. GameObjects
Refreshing native plugins compatible for Editor in 0.30 ms, found 1 plugins.
Native extension for OSXStandalone target not found
Assembly reference Packages/com.unity.cinemachine/Editor/Samples/ExposeHDRPInternals/HDRP-Editor-ref.asmref has no target assembly definition
Package Manager log level set to [2]
[Package Manager] Failed to launch server process. Reason: Unity was launched with the -noUpm command-line argument
[Package Manager] Unable to send message (not connected to server process).
[Package Manager] Cannot connect to Unity Package Manager local server
[Package Manager] Failed to launch server process. Reason: Unity was launched with the -noUpm command-line argument
[Package Manager] Unable to send message (not connected to server process).
[Package Manager] Cannot connect to Unity Package Manager local server
Mono: successfully reloaded assembly
- Finished resetting the current domain, in  0.870 seconds
Domain Reload Profiling: 1552ms
	BeginReloadAssembly (125ms)
		ExecutionOrderSort (0ms)
		DisableScriptedObjects (5ms)
		BackupInstance (0ms)
		ReleaseScriptingObjects (0ms)
		CreateAndSetChildDomain (38ms)
	RebuildCommonClasses (40ms)
	RebuildNativeTypeToScriptingClass (14ms)
	initialDomainReloadingComplete (32ms)
	LoadAllAssembliesAndSetupDomain (471ms)
		LoadAssemblies (248ms)
		RebuildTransferFunctionScriptingTraits (0ms)
		AnalyzeDomain (267ms)
			TypeCache.Refresh (211ms)
				TypeCache.ScanAssembly (194ms)
			BuildScriptInfoCaches (42ms)
			ResolveRequiredComponents (11ms)
	FinalizeReload (871ms)
		ReleaseScriptCaches (0ms)
		RebuildScriptCaches (0ms)
		SetupLoadedEditorAssemblies (652ms)
			LogAssemblyErrors (0ms)
			InitializePlatformSupportModulesInManaged (3ms)
			SetLoadedEditorAssemblies (5ms)
			BeforeProcessingInitializeOnLoad (140ms)
			ProcessInitializeOnLoadAttributes (450ms)
			ProcessInitializeOnLoadMethodAttributes (53ms)
			AfterProcessingInitializeOnLoad (1ms)
			EditorAssembliesLoaded (0ms)
		ExecutionOrderSort2 (0ms)
		AwakeInstancesAfterBackupRestoration (3ms)
WARNING: Shader Unsupported: 'Universal Render Pipeline/VR/SpatialMapping/Wireframe' - All subshaders removed
WARNING: Shader Did you use #pragma only_renderers and omit this platform?
WARNING: Shader If subshaders removal was intentional, you may have forgotten turning Fallback off?
WARNING: Shader Unsupported: 'Universal Render Pipeline/VR/SpatialMapping/Wireframe' - All subshaders removed
WARNING: Shader Did you use #pragma only_renderers and omit this platform?
WARNING: Shader If subshaders removal was intentional, you may have forgotten turning Fallback off?
Launching external process: /Applications/Unity/Hub/Editor/6000.0.61f1/Unity.app/Contents/Tools/UnityShaderCompiler
Launched and connected shader compiler UnityShaderCompiler after 0.04 seconds
Refreshing native plugins compatible for Editor in 0.37 ms, found 1 plugins.
Preloading 0 native plugins for Editor in 0.00 ms.
Unloading 15 Unused Serialized files (Serialized files now loaded: 0)
Unloading 6658 unused Assets / (4.3 MB). Loaded Objects now: 7351.
Memory consumption went from 138.3 MB to 134.1 MB.
Total: 7.784542 ms (FindLiveObjects: 0.639083 ms CreateObjectMapping: 0.287959 ms MarkObjects: 5.283625 ms  DeleteObjects: 1.573500 ms)

========================================================================
Received Import Request.
  Time since last request: 24021.229384 seconds.
  path: Assets/Inventory System by NashuaH/IconsLicense.md
  artifactKey: Guid(803b4b25b2fbede469dd4595738a00d7) Importer(815301076,1909f56bfc062723c751e8b465ee728b)
Start importing Assets/Inventory System by NashuaH/IconsLicense.md using Guid(803b4b25b2fbede469dd4595738a00d7) Importer(815301076,1909f56bfc062723c751e8b465ee728b) (PreviewImporter) -> (artifact id: '5823b849cc467a0d42387c318b112d88') in 0.0176145 seconds
Number of updated asset objects reloaded before import = 0Number of asset objects unloaded after import = 1

========================================================================
Received Import Request.
  Time since last request: 0.000043 seconds.
  path: Assets/Inventory System by NashuaH/Basic Inventory System.pdf
  artifactKey: Guid(35b99ecaf0751bd4b92a3836b9f272f6) Importer(815301076,1909f56bfc062723c751e8b465ee728b)
Start importing Assets/Inventory System by NashuaH/Basic Inventory System.pdf using Guid(35b99ecaf0751bd4b92a3836b9f272f6) Importer(815301076,1909f56bfc062723c751e8b465ee728b) (PreviewImporter) -> (artifact id: 'f363efb4763e95844e838a51dc88bdf7') in 0.000783166 seconds
Number of updated asset objects reloaded before import = 0Number of asset objects unloaded after import = 1

========================================================================
Received Import Request.
  Time since last request: 10.435866 seconds.
  path: Assets/Test Scene 1.unity
  artifactKey: Guid(5f97d810f196c40a5927d7cb096b5b34) Importer(2089858483,192608db42251d675da83286b1cce702)
Start importing Assets/Test Scene 1.unity using Guid(5f97d810f196c40a5927d7cb096b5b34) Importer(2089858483,192608db42251d675da83286b1cce702) (ScriptedImporter) -> (artifact id: 'e20b853ce1c334fcfaf0a595a947296e') in 0.305579166 seconds
Number of updated asset objects reloaded before import = 0Number of asset objects unloaded after import = 1

========================================================================
Received Import Request.
  Time since last request: 0.000140 seconds.
  path: Assets/Inventory System by NashuaH/Items/Light Wood.asset
  artifactKey: Guid(de1f1f58391040b4bb790784dc61f9ff) Importer(2089858483,192608db42251d675da83286b1cce702)
Start importing Assets/Inventory System by NashuaH/Items/Light Wood.asset using Guid(de1f1f58391040b4bb790784dc61f9ff) Importer(2089858483,192608db42251d675da83286b1cce702) (ScriptedImporter) -> (artifact id: '6dc7298e2f8eeaf698498df4a3a5d0c4') in 0.067194625 seconds
Number of updated asset objects reloaded before import = 0Number of asset objects unloaded after import = 2

========================================================================
Received Import Request.
  Time since last request: 0.000086 seconds.
  path: Assets/Inventory System by NashuaH/Items/Icons/war-axe.png
  artifactKey: Guid(a3cf4ea4778921841be31a51c3d71b94) Importer(2089858483,192608db42251d675da83286b1cce702)
Start importing Assets/Inventory System by NashuaH/Items/Icons/war-axe.png using Guid(a3cf4ea4778921841be31a51c3d71b94) Importer(2089858483,192608db42251d675da83286b1cce702) (ScriptedImporter) -> (artifact id: 'a89a5f82b52a38fe4bf68c165dbab717') in 0.091312375 seconds
Number of updated asset objects reloaded before import = 0Number of asset objects unloaded after import = 3

========================================================================
Received Import Request.
  Time since last request: 0.000092 seconds.
  path: Assets/Inventory System by NashuaH/Scripts/Inventory.cs
  artifactKey: Guid(93aec85316100b449b02c39ddf547f62) Importer(2089858483,192608db42251d675da83286b1cce702)
Start importing Assets/Inventory System by NashuaH/Scripts/Inventory.cs using Guid(93aec85316100b449b02c39ddf547f62) Importer(2089858483,192608db42251d675da83286b1cce702) (ScriptedImporter) -> (artifact id: '42bbf9343f2d33f905a17c7ded5d6a5b') in 0.006918625 seconds
Number of updated asset objects reloaded before import = 0Number of asset objects unloaded after import = 0

========================================================================
Received Import Request.
  Time since last request: 0.000094 seconds.
  path: Assets/Inventory System by NashuaH/Scripts/ItemInfoUpdate.cs
  artifactKey: Guid(8730888759b3ac54a93bd7fcd33254a2) Importer(2089858483,192608db42251d675da83286b1cce702)
Start importing Assets/Inventory System by NashuaH/Scripts/ItemInfoUpdate.cs using Guid(8730888759b3ac54a93bd7fcd33254a2) Importer(2089858483,192608db42251d675da83286b1cce702) (ScriptedImporter) -> (artifact id: 'b2b2eb6646cb790747e263e35ff7d066') in 0.005608084 seconds
Number of updated asset objects reloaded before import = 0Number of asset objects unloaded after import = 0

========================================================================
Received Import Request.
  Time since last request: 0.000123 seconds.
  path: Assets/Inventory System by NashuaH
  artifactKey: Guid(bde40d43152242c479cfe400259b1f5e) Importer(2089858483,192608db42251d675da83286b1cce702)
Start importing Assets/Inventory System by NashuaH using Guid(bde40d43152242c479cfe400259b1f5e) Importer(2089858483,192608db42251d675da83286b1cce702) (ScriptedImporter) -> (artifact id: 'f727a284138db733e72307e72446c39f') in 0.00498675 seconds
Number of updated asset objects reloaded before import = 0Number of asset objects unloaded after import = 1

========================================================================
Received Import Request.
  Time since last request: 0.000919 seconds.
  path: Assets/Inventory System by NashuaH/Items/Big Axe.asset
  artifactKey: Guid(469b1516f14cf5c4d848b622fe7b1d75) Importer(2089858483,192608db42251d675da83286b1cce702)
Start importing Assets/Inventory System by NashuaH/Items/Big Axe.asset using Guid(469b1516f14cf5c4d848b622fe7b1d75) Importer(2089858483,192608db42251d675da83286b1cce702) (ScriptedImporter) -> (artifact id: 'e384633f3c8ea64e6b53a2daee1bcdc2') in 0.009539459 seconds
Number of updated asset objects reloaded before import = 0Number of asset objects unloaded after import = 2

========================================================================
Received Import Request.
  Time since last request: 0.000090 seconds.
  path: Assets/Inventory System by NashuaH/Items/Blue Herb.asset
  artifactKey: Guid(5a7d0e3fea5b61b4da866d113ed10807) Importer(2089858483,192608db42251d675da83286b1cce702)
Start importing Assets/Inventory System by NashuaH/Items/Blue Herb.asset using Guid(5a7d0e3fea5b61b4da866d113ed10807) Importer(2089858483,192608db42251d675da83286b1cce702) (ScriptedImporter) -> (artifact id: '65529d3cd8196d6de92764d664b4b64f') in 0.009866833 seconds
Number of updated asset objects reloaded before import = 0Number of asset objects unloaded after import = 2

========================================================================
Received Import Request.
  Time since last request: 0.000084 seconds.
  path: Assets/Inventory System by NashuaH/Scripts/AddRandomItemToInventory.cs
  artifactKey: Guid(080ad63be8311da43a577885cd0a864e) Importer(2089858483,192608db42251d675da83286b1cce702)
Start importing Assets/Inventory System by NashuaH/Scripts/AddRandomItemToInventory.cs using Guid(080ad63be8311da43a577885cd0a864e) Importer(2089858483,192608db42251d675da83286b1cce702) (ScriptedImporter) -> (artifact id: '597e30ebc625788867b761b733d2d966') in 0.006780334 seconds
Number of updated asset objects reloaded before import = 0Number of asset objects unloaded after import = 0

========================================================================
Received Import Request.
  Time since last request: 0.003927 seconds.
  path: Assets/Inventory System by NashuaH/Scripts/AddItemToInventory.cs
  artifactKey: Guid(22a800a47a18d8c48a1dce6264abfc6c) Importer(2089858483,192608db42251d675da83286b1cce702)
Start importing Assets/Inventory System by NashuaH/Scripts/AddItemToInventory.cs using Guid(22a800a47a18d8c48a1dce6264abfc6c) Importer(2089858483,192608db42251d675da83286b1cce702) (ScriptedImporter) -> (artifact id: '64645727b6bc77fb48685ada7315618d') in 0.006758833 seconds
Number of updated asset objects reloaded before import = 0Number of asset objects unloaded after import = 0

========================================================================
Received Import Request.
  Time since last request: 0.000077 seconds.
  path: Assets/Inventory System by NashuaH/Scripts
  artifactKey: Guid(54063556da366ab40a4eeb4d695a97d6) Importer(2089858483,192608db42251d675da83286b1cce702)
Start importing Assets/Inventory System by NashuaH/Scripts using Guid(54063556da366ab40a4eeb4d695a97d6) Importer(2089858483,192608db42251d675da83286b1cce702) (ScriptedImporter) -> (artifact id: '2b9c15d8a548e49d3a2bb99447816311') in 0.006711208 seconds
Number of updated asset objects reloaded before import = 0Number of asset objects unloaded after import = 1

========================================================================
Received Import Request.
  Time since last request: 0.000108 seconds.
  path: Assets/Inventory System by NashuaH/Scripts/ItemScripts
  artifactKey: Guid(a62963cea275c7641b00e184357998e4) Importer(2089858483,192608db42251d675da83286b1cce702)
Start importing Assets/Inventory System by NashuaH/Scripts/ItemScripts using Guid(a62963cea275c7641b00e184357998e4) Importer(2089858483,192608db42251d675da83286b1cce702) (ScriptedImporter) -> (artifact id: '863250b5d9742c3fc48f026472c36754') in 0.004676166 seconds
Number of updated asset objects reloaded before import = 0Number of asset objects unloaded after import = 1

========================================================================
Received Import Request.
  Time since last request: 0.000123 seconds.
  path: Assets/Inventory System by NashuaH/Scripts/ItemScripts/Resource.cs
  artifactKey: Guid(b5b728530c479d843803971ca11c5f55) Importer(2089858483,192608db42251d675da83286b1cce702)
Start importing Assets/Inventory System by NashuaH/Scripts/ItemScripts/Resource.cs using Guid(b5b728530c479d843803971ca11c5f55) Importer(2089858483,192608db42251d675da83286b1cce702) (ScriptedImporter) -> (artifact id: '69be3cf48ed2e53b87ebe09a30ac38f7') in 0.006418708 seconds
Number of updated asset objects reloaded before import = 0Number of asset objects unloaded after import = 0

========================================================================
Received Import Request.
  Time since last request: 0.000469 seconds.
  path: Assets/Inventory System by NashuaH/Prefabs/CanvasExamplePrefab.prefab
  artifactKey: Guid(d6249d273612dea4cb6b37d388fbe5a4) Importer(2089858483,192608db42251d675da83286b1cce702)
Start importing Assets/Inventory System by NashuaH/Prefabs/CanvasExamplePrefab.prefab using Guid(d6249d273612dea4cb6b37d388fbe5a4) Importer(2089858483,192608db42251d675da83286b1cce702) (ScriptedImporter) -> (artifact id: '898e4c5a25680e97aa5912e76c4cbedd') in 0.087254375 seconds
Number of updated asset objects reloaded before import = 0Number of asset objects unloaded after import = 267

========================================================================
Received Import Request.
  Time since last request: 0.000077 seconds.
  path: Assets/Inventory System by NashuaH/Scripts/DataScripts/SaveInventorySystem.cs
  artifactKey: Guid(ed9c0b9caf70eef478aa5e8105d819b7) Importer(2089858483,192608db42251d675da83286b1cce702)
Start importing Assets/Inventory System by NashuaH/Scripts/DataScripts/SaveInventorySystem.cs using Guid(ed9c0b9caf70eef478aa5e8105d819b7) Importer(2089858483,192608db42251d675da83286b1cce702) (ScriptedImporter) -> (artifact id: 'aaf4a34bc6cddb30fc1814d1c9cf10c3') in 0.00375875 seconds
Number of updated asset objects reloaded before import = 0Number of asset objects unloaded after import = 0

========================================================================
Received Import Request.
  Time since last request: 0.000177 seconds.
  path: Assets/Inventory System by NashuaH/Items
  artifactKey: Guid(a22d327e11378db49a0e0493462b5895) Importer(2089858483,192608db42251d675da83286b1cce702)
Start importing Assets/Inventory System by NashuaH/Items using Guid(a22d327e11378db49a0e0493462b5895) Importer(2089858483,192608db42251d675da83286b1cce702) (ScriptedImporter) -> (artifact id: '547517c6c95a33d8f0ed26315d299b9d') in 0.002937958 seconds
Number of updated asset objects reloaded before import = 0Number of asset objects unloaded after import = 1

========================================================================
Received Import Request.
  Time since last request: 0.000065 seconds.
  path: Assets/Inventory System by NashuaH/Items/Small Sword.asset
  artifactKey: Guid(509d1cb2366fb4e4faa0b9987ab80bcc) Importer(2089858483,192608db42251d675da83286b1cce702)
Start importing Assets/Inventory System by NashuaH/Items/Small Sword.asset using Guid(509d1cb2366fb4e4faa0b9987ab80bcc) Importer(2089858483,192608db42251d675da83286b1cce702) (ScriptedImporter) -> (artifact id: 'f44bcebb29c696978c02c62839327430') in 0.006062084 seconds
Number of updated asset objects reloaded before import = 0Number of asset objects unloaded after import = 2

========================================================================
Received Import Request.
  Time since last request: 0.521711 seconds.
  path: Assets/Inventory System by NashuaH/Items
  artifactKey: Guid(a22d327e11378db49a0e0493462b5895) Importer(815301076,1909f56bfc062723c751e8b465ee728b)
Start importing Assets/Inventory System by NashuaH/Items using Guid(a22d327e11378db49a0e0493462b5895) Importer(815301076,1909f56bfc062723c751e8b465ee728b) (PreviewImporter) -> (artifact id: '419569cab9c0db365e6408bce903fe76') in 0.000412625 seconds
Number of updated asset objects reloaded before import = 0Number of asset objects unloaded after import = 0

Editor requested this worker to shutdown with reason: Scaling down because of idle timeout
AssetImportWorker is now disconnected from the server
Process exiting
